<?xml version="1.0" encoding="UTF-8"?>
<testng-results ignored="0" total="2" passed="2" failed="0" skipped="0">
  <reporter-output>
  </reporter-output>
  <suite started-at="2024-10-08T11:30:15 IST" name="Default suite" finished-at="2024-10-08T11:30:15 IST" duration-ms="71">
    <groups>
      <group name="regression">
        <method signature="ProductTest.modifyProductTest()[pri:0, instance:pac1.ProductTest@35cabb2a]" name="modifyProductTest" class="pac1.ProductTest"/>
      </group> <!-- regression -->
      <group name="smoke">
        <method signature="ProductTest.createProductTest()[pri:0, instance:pac1.ProductTest@35cabb2a]" name="createProductTest" class="pac1.ProductTest"/>
      </group> <!-- smoke -->
    </groups>
    <test started-at="2024-10-08T11:30:15 IST" name="Default test" finished-at="2024-10-08T11:30:15 IST" duration-ms="71">
      <class name="pac1.ProductTest">
        <test-method signature="createProductTest()[pri:0, instance:pac1.ProductTest@35cabb2a]" started-at="2024-10-08T11:30:15 IST" name="createProductTest" finished-at="2024-10-08T11:30:15 IST" duration-ms="15" status="PASS">
          <reporter-output>
          </reporter-output>
        </test-method> <!-- createProductTest -->
        <test-method signature="modifyProductTest()[pri:0, instance:pac1.ProductTest@35cabb2a]" started-at="2024-10-08T11:30:15 IST" name="modifyProductTest" finished-at="2024-10-08T11:30:15 IST" duration-ms="1" status="PASS">
          <reporter-output>
          </reporter-output>
        </test-method> <!-- modifyProductTest -->
      </class> <!-- pac1.ProductTest -->
    </test> <!-- Default test -->
  </suite> <!-- Default suite -->
</testng-results>
